<?xml version="1.0" encoding="UTF-8" ?>
<testsuite failures="0" time="4.77" errors="0" skipped="0" tests="1" name="com.fusesource.camel.MqRouteTest">
  <properties>
    <property name="java.runtime.name" value="Java(TM) SE Runtime Environment"/>
    <property name="sun.boot.library.path" value="C:\jdk1.6.0_07\jre\bin"/>
    <property name="java.vm.version" value="10.0-b23"/>
    <property name="java.vm.vendor" value="Sun Microsystems Inc."/>
    <property name="java.vendor.url" value="http://java.sun.com/"/>
    <property name="path.separator" value=";"/>
    <property name="java.vm.name" value="Java HotSpot(TM) Client VM"/>
    <property name="file.encoding.pkg" value="sun.io"/>
    <property name="user.country" value="US"/>
    <property name="sun.java.launcher" value="SUN_STANDARD"/>
    <property name="sun.os.patch.level" value=""/>
    <property name="java.vm.specification.name" value="Java Virtual Machine Specification"/>
    <property name="user.dir" value="C:\temp\tmp_blog_mqinterop\project\camel-mq-osgi"/>
    <property name="java.runtime.version" value="1.6.0_07-b06"/>
    <property name="java.awt.graphicsenv" value="sun.awt.Win32GraphicsEnvironment"/>
    <property name="basedir" value="C:\temp\tmp_blog_mqinterop\project\camel-mq-osgi"/>
    <property name="java.endorsed.dirs" value="C:\jdk1.6.0_07\jre\lib\endorsed"/>
    <property name="os.arch" value="x86"/>
    <property name="surefire.real.class.path" value="C:\Users\Lowry\AppData\Local\Temp\surefirebooter50949.jar"/>
    <property name="java.io.tmpdir" value="C:\Users\Lowry\AppData\Local\Temp\"/>
    <property name="line.separator" value="
"/>
    <property name="java.vm.specification.vendor" value="Sun Microsystems Inc."/>
    <property name="user.variant" value=""/>
    <property name="os.name" value="Windows Vista"/>
    <property name="sun.jnu.encoding" value="Cp1252"/>
    <property name="java.library.path" value="C:\jdk1.6.0_07\jre\bin;.;C:\Windows\Sun\Java\bin;C:\Windows\system32;C:\Windows;C:\Program Files\IBM\WebSphere MQ\Java\lib;C:\jdk1.6.0_07\bin;C:\Windows\system32;C:\Windows;C:\Windows\System32\Wbem;C:\Windows\System32\WindowsPowerShell\v1.0\;C:\tools\MySQL_5.1\bin;C:\tools\SVN\1.6.4\bin;C:\Program Files\TortoiseSVN\bin;C:\Program Files\IBM\WebSphere MQ\bin;C:\Program Files\IBM\WebSphere MQ\tools\c\samples\bin;C:\tools\apache-maven-3.0\bin;C:\jdk1.6.0_07\bin;C:\bin;C:\tools\apache-ant-1.8.1\bin;C:\tools\X-Chat\lib;"/>
    <property name="surefire.test.class.path" value="C:\temp\tmp_blog_mqinterop\project\camel-mq-osgi\target\test-classes;C:\temp\tmp_blog_mqinterop\project\camel-mq-osgi\target\classes;C:\Users\Lowry\.m2\repository\org\apache\camel\camel-spring\2.2.0-fuse-02-00\camel-spring-2.2.0-fuse-02-00.jar;C:\Users\Lowry\.m2\repository\org\apache\camel\camel-core\2.2.0-fuse-02-00\camel-core-2.2.0-fuse-02-00.jar;C:\Users\Lowry\.m2\repository\commons-logging\commons-logging-api\1.1\commons-logging-api-1.1.jar;C:\Users\Lowry\.m2\repository\org\fusesource\commonman\commons-management\1.0\commons-management-1.0.jar;C:\Users\Lowry\.m2\repository\org\springframework\spring-context\2.5.6.SEC01\spring-context-2.5.6.SEC01.jar;C:\Users\Lowry\.m2\repository\aopalliance\aopalliance\1.0\aopalliance-1.0.jar;C:\Users\Lowry\.m2\repository\commons-logging\commons-logging\1.1.1\commons-logging-1.1.1.jar;C:\Users\Lowry\.m2\repository\org\springframework\spring-aop\2.5.6.SEC01\spring-aop-2.5.6.SEC01.jar;C:\Users\Lowry\.m2\repository\org\springframework\spring-tx\2.5.6\spring-tx-2.5.6.jar;C:\jdk1.6.0_07\jre\..\lib\tools.jar;C:\Users\Lowry\.m2\repository\org\apache\camel\camel-jms\2.2.0-fuse-02-00\camel-jms-2.2.0-fuse-02-00.jar;C:\Users\Lowry\.m2\repository\org\springframework\spring-jms\2.5.6\spring-jms-2.5.6.jar;C:\Users\Lowry\.m2\repository\commons-pool\commons-pool\1.3\commons-pool-1.3.jar;C:\Users\Lowry\.m2\repository\org\springframework\spring-context-support\2.5.6\spring-context-support-2.5.6.jar;C:\Users\Lowry\.m2\repository\org\springframework\spring-core\2.5.6.SEC01\spring-core-2.5.6.SEC01.jar;C:\Users\Lowry\.m2\repository\org\springframework\spring-beans\2.5.6.SEC01\spring-beans-2.5.6.SEC01.jar;C:\Users\Lowry\.m2\repository\org\apache\geronimo\specs\geronimo-jms_1.1_spec\1.1.1\geronimo-jms_1.1_spec-1.1.1.jar;C:\Users\Lowry\.m2\repository\junit\junit\4.4\junit-4.4.jar;C:\Users\Lowry\.m2\repository\org\apache\camel\camel-test\2.2.0-fuse-02-00\camel-test-2.2.0-fuse-02-00.jar;C:\Users\Lowry\.m2\repository\org\apache\camel\camel-jetty\2.2.0-fuse-02-00\camel-jetty-2.2.0-fuse-02-00.jar;C:\Users\Lowry\.m2\repository\org\mortbay\jetty\jetty\6.1.22\jetty-6.1.22.jar;C:\Users\Lowry\.m2\repository\org\mortbay\jetty\jetty-util\6.1.22\jetty-util-6.1.22.jar;C:\Users\Lowry\.m2\repository\org\mortbay\jetty\servlet-api\2.5-20081211\servlet-api-2.5-20081211.jar;C:\Users\Lowry\.m2\repository\org\mortbay\jetty\jetty-client\6.1.22\jetty-client-6.1.22.jar;C:\Users\Lowry\.m2\repository\org\mortbay\jetty\jetty-sslengine\6.1.22\jetty-sslengine-6.1.22.jar;C:\Users\Lowry\.m2\repository\org\mortbay\jetty\jetty-util5\6.1.22\jetty-util5-6.1.22.jar;C:\Users\Lowry\.m2\repository\org\apache\camel\camel-http\2.2.0-fuse-02-00\camel-http-2.2.0-fuse-02-00.jar;C:\Users\Lowry\.m2\repository\org\apache\geronimo\specs\geronimo-servlet_2.4_spec\1.1.1\geronimo-servlet_2.4_spec-1.1.1.jar;C:\Users\Lowry\.m2\repository\commons-httpclient\commons-httpclient\3.1\commons-httpclient-3.1.jar;C:\Users\Lowry\.m2\repository\commons-codec\commons-codec\1.2\commons-codec-1.2.jar;C:\Users\Lowry\.m2\repository\log4j\log4j\1.2.14\log4j-1.2.14.jar;C:\Users\Lowry\.m2\repository\org\slf4j\slf4j-api\1.5.6\slf4j-api-1.5.6.jar;C:\Users\Lowry\.m2\repository\org\slf4j\slf4j-log4j12\1.5.6\slf4j-log4j12-1.5.6.jar;C:\Users\Lowry\.m2\repository\com\ibm\mq\com.ibm.mq.jmqi\7.0.1.3\com.ibm.mq.jmqi-7.0.1.3.jar;C:\Users\Lowry\.m2\repository\com\ibm\com.ibm.mqjms\7.0.1.3\com.ibm.mqjms-7.0.1.3.jar;C:\Users\Lowry\.m2\repository\com\ibm\mq\dhbcore\dhbcore\7.0.1.3\dhbcore-7.0.1.3.jar;C:\Users\Lowry\.m2\repository\org\apache\servicemix\bundles\org.apache.servicemix.bundles.antlr\2.7.7_2\org.apache.servicemix.bundles.antlr-2.7.7_2.jar;"/>
    <property name="java.specification.name" value="Java Platform API Specification"/>
    <property name="java.class.version" value="50.0"/>
    <property name="sun.management.compiler" value="HotSpot Client Compiler"/>
    <property name="os.version" value="6.1"/>
    <property name="user.home" value="C:\Users\Lowry"/>
    <property name="user.timezone" value="America/New_York"/>
    <property name="java.awt.printerjob" value="sun.awt.windows.WPrinterJob"/>
    <property name="java.specification.version" value="1.6"/>
    <property name="file.encoding" value="Cp1252"/>
    <property name="user.name" value="Lowry"/>
    <property name="java.class.path" value="C:\temp\tmp_blog_mqinterop\project\camel-mq-osgi\target\test-classes;C:\temp\tmp_blog_mqinterop\project\camel-mq-osgi\target\classes;C:\Users\Lowry\.m2\repository\org\apache\camel\camel-spring\2.2.0-fuse-02-00\camel-spring-2.2.0-fuse-02-00.jar;C:\Users\Lowry\.m2\repository\org\apache\camel\camel-core\2.2.0-fuse-02-00\camel-core-2.2.0-fuse-02-00.jar;C:\Users\Lowry\.m2\repository\commons-logging\commons-logging-api\1.1\commons-logging-api-1.1.jar;C:\Users\Lowry\.m2\repository\org\fusesource\commonman\commons-management\1.0\commons-management-1.0.jar;C:\Users\Lowry\.m2\repository\org\springframework\spring-context\2.5.6.SEC01\spring-context-2.5.6.SEC01.jar;C:\Users\Lowry\.m2\repository\aopalliance\aopalliance\1.0\aopalliance-1.0.jar;C:\Users\Lowry\.m2\repository\commons-logging\commons-logging\1.1.1\commons-logging-1.1.1.jar;C:\Users\Lowry\.m2\repository\org\springframework\spring-aop\2.5.6.SEC01\spring-aop-2.5.6.SEC01.jar;C:\Users\Lowry\.m2\repository\org\springframework\spring-tx\2.5.6\spring-tx-2.5.6.jar;C:\jdk1.6.0_07\jre\..\lib\tools.jar;C:\Users\Lowry\.m2\repository\org\apache\camel\camel-jms\2.2.0-fuse-02-00\camel-jms-2.2.0-fuse-02-00.jar;C:\Users\Lowry\.m2\repository\org\springframework\spring-jms\2.5.6\spring-jms-2.5.6.jar;C:\Users\Lowry\.m2\repository\commons-pool\commons-pool\1.3\commons-pool-1.3.jar;C:\Users\Lowry\.m2\repository\org\springframework\spring-context-support\2.5.6\spring-context-support-2.5.6.jar;C:\Users\Lowry\.m2\repository\org\springframework\spring-core\2.5.6.SEC01\spring-core-2.5.6.SEC01.jar;C:\Users\Lowry\.m2\repository\org\springframework\spring-beans\2.5.6.SEC01\spring-beans-2.5.6.SEC01.jar;C:\Users\Lowry\.m2\repository\org\apache\geronimo\specs\geronimo-jms_1.1_spec\1.1.1\geronimo-jms_1.1_spec-1.1.1.jar;C:\Users\Lowry\.m2\repository\junit\junit\4.4\junit-4.4.jar;C:\Users\Lowry\.m2\repository\org\apache\camel\camel-test\2.2.0-fuse-02-00\camel-test-2.2.0-fuse-02-00.jar;C:\Users\Lowry\.m2\repository\org\apache\camel\camel-jetty\2.2.0-fuse-02-00\camel-jetty-2.2.0-fuse-02-00.jar;C:\Users\Lowry\.m2\repository\org\mortbay\jetty\jetty\6.1.22\jetty-6.1.22.jar;C:\Users\Lowry\.m2\repository\org\mortbay\jetty\jetty-util\6.1.22\jetty-util-6.1.22.jar;C:\Users\Lowry\.m2\repository\org\mortbay\jetty\servlet-api\2.5-20081211\servlet-api-2.5-20081211.jar;C:\Users\Lowry\.m2\repository\org\mortbay\jetty\jetty-client\6.1.22\jetty-client-6.1.22.jar;C:\Users\Lowry\.m2\repository\org\mortbay\jetty\jetty-sslengine\6.1.22\jetty-sslengine-6.1.22.jar;C:\Users\Lowry\.m2\repository\org\mortbay\jetty\jetty-util5\6.1.22\jetty-util5-6.1.22.jar;C:\Users\Lowry\.m2\repository\org\apache\camel\camel-http\2.2.0-fuse-02-00\camel-http-2.2.0-fuse-02-00.jar;C:\Users\Lowry\.m2\repository\org\apache\geronimo\specs\geronimo-servlet_2.4_spec\1.1.1\geronimo-servlet_2.4_spec-1.1.1.jar;C:\Users\Lowry\.m2\repository\commons-httpclient\commons-httpclient\3.1\commons-httpclient-3.1.jar;C:\Users\Lowry\.m2\repository\commons-codec\commons-codec\1.2\commons-codec-1.2.jar;C:\Users\Lowry\.m2\repository\log4j\log4j\1.2.14\log4j-1.2.14.jar;C:\Users\Lowry\.m2\repository\org\slf4j\slf4j-api\1.5.6\slf4j-api-1.5.6.jar;C:\Users\Lowry\.m2\repository\org\slf4j\slf4j-log4j12\1.5.6\slf4j-log4j12-1.5.6.jar;C:\Users\Lowry\.m2\repository\com\ibm\mq\com.ibm.mq.jmqi\7.0.1.3\com.ibm.mq.jmqi-7.0.1.3.jar;C:\Users\Lowry\.m2\repository\com\ibm\com.ibm.mqjms\7.0.1.3\com.ibm.mqjms-7.0.1.3.jar;C:\Users\Lowry\.m2\repository\com\ibm\mq\dhbcore\dhbcore\7.0.1.3\dhbcore-7.0.1.3.jar;C:\Users\Lowry\.m2\repository\org\apache\servicemix\bundles\org.apache.servicemix.bundles.antlr\2.7.7_2\org.apache.servicemix.bundles.antlr-2.7.7_2.jar;"/>
    <property name="java.vm.specification.version" value="1.0"/>
    <property name="sun.arch.data.model" value="32"/>
    <property name="java.home" value="C:\jdk1.6.0_07\jre"/>
    <property name="java.specification.vendor" value="Sun Microsystems Inc."/>
    <property name="user.language" value="en"/>
    <property name="awt.toolkit" value="sun.awt.windows.WToolkit"/>
    <property name="java.vm.info" value="mixed mode"/>
    <property name="java.version" value="1.6.0_07"/>
    <property name="java.ext.dirs" value="C:\jdk1.6.0_07\jre\lib\ext;C:\Windows\Sun\Java\lib\ext"/>
    <property name="sun.boot.class.path" value="C:\jdk1.6.0_07\jre\lib\resources.jar;C:\jdk1.6.0_07\jre\lib\rt.jar;C:\jdk1.6.0_07\jre\lib\sunrsasign.jar;C:\jdk1.6.0_07\jre\lib\jsse.jar;C:\jdk1.6.0_07\jre\lib\jce.jar;C:\jdk1.6.0_07\jre\lib\charsets.jar;C:\jdk1.6.0_07\jre\classes"/>
    <property name="java.vendor" value="Sun Microsystems Inc."/>
    <property name="localRepository" value="C:\Users\Lowry\.m2\repository"/>
    <property name="file.separator" value="\"/>
    <property name="java.vendor.url.bug" value="http://java.sun.com/cgi-bin/bugreport.cgi"/>
    <property name="sun.cpu.endian" value="little"/>
    <property name="sun.io.unicode.encoding" value="UnicodeLittle"/>
    <property name="sun.desktop" value="windows"/>
    <property name="sun.cpu.isalist" value="pentium_pro+mmx pentium_pro pentium+mmx pentium i486 i386 i86"/>
  </properties>
  <testcase time="4.64" classname="com.fusesource.camel.MqRouteTest" name="invokeMQRouteTest"/>
</testsuite>